


ARM Macro Assembler    Page 1 


    1 00000000         ; Khai bao vung ma lenh
    2 00000000                 AREA             MYCODE, CODE, READONLY
    3 00000000                 ENTRY
    4 00000000                 EXPORT           __main
    5 00000000         
    6 00000000         ; Khai bao du lieu
    7 00000000         ;value DCD 123
    8 00000000         
    9 00000000         ; code
   10 00000000         __main
   11 00000000         
   12 00000000 F04F 0101       MOV              R1,#1
   13 00000004 F04F 0000       MOV              R0,#0
   14 00000008 F04F 0201       MOV              R2,#1
   15 0000000C         
   16 0000000C 4408            ADD              R0,R1       ; R0 = R0 & R1
   17 0000000E EB02 0301       ADD              R3,R2,R1    ; R3 = R2 & R1
   18 00000012 F101 0202       ADD              R2,R1,#2    ; R2 = R1 & 2
   19 00000016         
   20 00000016         STOP
   21 00000016 E7FE            B                STOP
   22 00000018                 END
Command Line: --debug --xref --diag_suppress=9931 --cpu=Cortex-M3 --apcs=interw
ork --depend=.\objects\07_bitwise.d -o.\objects\07_bitwise.o -I.\RTE\Device\STM
32F103C8 -I.\RTE\_Target_1 -IC:\Users\DELL\AppData\Local\Arm\Packs\ARM\CMSIS\5.
6.0\CMSIS\Core\Include -IC:\Users\DELL\AppData\Local\Arm\Packs\Keil\STM32F1xx_D
FP\2.4.1\Device\Include --predefine="__MICROLIB SETA 1" --predefine="__UVISION_
VERSION SETA 529" --predefine="_RTE_ SETA 1" --predefine="STM32F10X_MD SETA 1" 
--list=.\listings\07_bitwise.lst 07_Bitwise.s



ARM Macro Assembler    Page 1 Alphabetic symbol ordering
Relocatable symbols

MYCODE 00000000

Symbol: MYCODE
   Definitions
      At line 2 in file 07_Bitwise.s
   Uses
      None
Comment: MYCODE unused
STOP 00000016

Symbol: STOP
   Definitions
      At line 20 in file 07_Bitwise.s
   Uses
      At line 21 in file 07_Bitwise.s
Comment: STOP used once
__main 00000000

Symbol: __main
   Definitions
      At line 10 in file 07_Bitwise.s
   Uses
      At line 4 in file 07_Bitwise.s
Comment: __main used once
3 symbols
337 symbols in table
